<?xml version="1.0" encoding="UTF-8"?>
<!-- Generated by org.testng.reporters.JUnitReportReporter -->
<testsuite skipped="0" hostname="MC20121317" name="test.NewTest" tests="1" failures="0" timestamp="06 Feb 2019 20:11:20 GMT" time="7.414" errors="0">
  <testcase name="test" time="7.414" classname="test.NewTest"/>
</testsuite> <!-- test.NewTest -->
