<?xml version="1.0" encoding="UTF-8"?>
<!-- Generated by org.testng.reporters.JUnitReportReporter -->
<testsuite hostname="MC20121317" name="test.NewTest" tests="1" failures="0" timestamp="7 Feb 2019 10:34:40 GMT" time="7.255" errors="0">
  <testcase name="test" time="7.255" classname="test.NewTest"/>
</testsuite> <!-- test.NewTest -->
